<?xml version="1.0" encoding="UTF-8"?>
<testsuite xmlns:xsi="http://www.w3.org/2001/XMLSchema-instance" xsi:noNamespaceSchemaLocation="https://maven.apache.org/surefire/maven-surefire-plugin/xsd/surefire-test-report.xsd" version="3.0.2" name="com.recipebook.recipebook.RecipebookV1ApplicationTests" time="6.242" tests="1" errors="0" skipped="0" failures="0">
  <properties>
[...]
</properties>
  <testcase name="contextLoads" classname="com.recipebook.recipebook.RecipebookV1ApplicationTests" time="0.385">
    <system-out><![CDATA[21:45:03.332 [main] INFO org.springframework.test.context.support.AnnotationConfigContextLoaderUtils -- Could not detect default configuration classes for test class [com.recipebook.recipebook.RecipebookV1ApplicationTests]: RecipebookV1ApplicationTests does not declare any static, non-private, non-final, nested classes annotated with @Configuration.
21:45:03.431 [main] INFO org.springframework.boot.test.context.SpringBootTestContextBootstrapper -- Found @SpringBootConfiguration com.recipebook.recipebook.RecipebookV1Application for test class com.recipebook.recipebook.RecipebookV1ApplicationTests

  .   ____          _            __ _ _
 /\\ / ___'_ __ _ _(_)_ __  __ _ \ \ \ \
( ( )\___ | '_ | '_| | '_ \/ _` | \ \ \ \
 \\/  ___)| |_)| | | | | || (_| |  ) ) ) )
  '  |____| .__|_| |_|_| |_\__, | / / / /
 =========|_|==============|___/=/_/_/_/

 :: Spring Boot ::                (v3.4.1)

2025-01-14T21:45:03.767+03:00  INFO 18428 --- [recipebook-v1] [           main] c.r.r.RecipebookV1ApplicationTests       : Starting RecipebookV1ApplicationTests using Java 20.0.2 with PID 18428 (started by GARAGE in C:\Users\GARAGE\IdeaProjects\RecipeBook-V1.0)
2025-01-14T21:45:03.768+03:00  INFO 18428 --- [recipebook-v1] [           main] c.r.r.RecipebookV1ApplicationTests       : No active profile set, falling back to 1 default profile: "default"
2025-01-14T21:45:03.790+03:00 DEBUG 18428 --- [recipebook-v1] [           main] o.s.w.c.s.GenericWebApplicationContext   : Refreshing org.springframework.web.context.support.GenericWebApplicationContext@1e287667
2025-01-14T21:45:04.591+03:00  INFO 18428 --- [recipebook-v1] [           main] .s.d.r.c.RepositoryConfigurationDelegate : Bootstrapping Spring Data JPA repositories in DEFAULT mode.
2025-01-14T21:45:04.647+03:00  INFO 18428 --- [recipebook-v1] [           main] .s.d.r.c.RepositoryConfigurationDelegate : Finished Spring Data repository scanning in 46 ms. Found 2 JPA repository interfaces.
2025-01-14T21:45:05.004+03:00  WARN 18428 --- [recipebook-v1] [           main] trationDelegate$BeanPostProcessorChecker : Bean 'org.springframework.ws.config.annotation.DelegatingWsConfiguration' of type [org.springframework.ws.config.annotation.DelegatingWsConfiguration$$SpringCGLIB$$0] is not eligible for getting processed by all BeanPostProcessors (for example: not eligible for auto-proxying). The currently created BeanPostProcessor [annotationActionEndpointMapping] is declared through a non-static factory method on that class; consider declaring it as static instead.
2025-01-14T21:45:05.043+03:00  INFO 18428 --- [recipebook-v1] [           main] .w.s.a.s.AnnotationActionEndpointMapping : Supporting [WS-Addressing August 2004, WS-Addressing 1.0]
2025-01-14T21:45:05.193+03:00  INFO 18428 --- [recipebook-v1] [           main] com.zaxxer.hikari.HikariDataSource       : HikariPool-1 - Starting...
2025-01-14T21:45:05.495+03:00  INFO 18428 --- [recipebook-v1] [           main] com.zaxxer.hikari.pool.HikariPool        : HikariPool-1 - Added connection org.postgresql.jdbc.PgConnection@79195c22
2025-01-14T21:45:05.496+03:00  INFO 18428 --- [recipebook-v1] [           main] com.zaxxer.hikari.HikariDataSource       : HikariPool-1 - Start completed.
2025-01-14T21:45:05.551+03:00  INFO 18428 --- [recipebook-v1] [           main] o.hibernate.jpa.internal.util.LogHelper  : HHH000204: Processing PersistenceUnitInfo [name: default]
2025-01-14T21:45:05.646+03:00  INFO 18428 --- [recipebook-v1] [           main] org.hibernate.Version                    : HHH000412: Hibernate ORM core version 6.6.4.Final
2025-01-14T21:45:05.692+03:00  INFO 18428 --- [recipebook-v1] [           main] o.h.c.internal.RegionFactoryInitiator    : HHH000026: Second-level cache disabled
2025-01-14T21:45:06.007+03:00  INFO 18428 --- [recipebook-v1] [           main] o.s.o.j.p.SpringPersistenceUnitInfo      : No LoadTimeWeaver setup: ignoring JPA class transformer
2025-01-14T21:45:06.066+03:00  WARN 18428 --- [recipebook-v1] [           main] org.hibernate.orm.deprecation            : HHH90000025: PostgreSQLDialect does not need to be specified explicitly using 'hibernate.dialect' (remove the property setting and it will be selected by default)
2025-01-14T21:45:06.078+03:00  INFO 18428 --- [recipebook-v1] [           main] org.hibernate.orm.connections.pooling    : HHH10001005: Database info:
	Database JDBC URL [Connecting through datasource 'HikariDataSource (HikariPool-1)']
	Database driver: undefined/unknown
	Database version: 17.2
	Autocommit mode: undefined/unknown
	Isolation level: undefined/unknown
	Minimum pool size: undefined/unknown
	Maximum pool size: undefined/unknown
2025-01-14T21:45:06.915+03:00  INFO 18428 --- [recipebook-v1] [           main] o.h.e.t.j.p.i.JtaPlatformInitiator       : HHH000489: No JTA platform available (set 'hibernate.transaction.jta.platform' to enable JTA platform integration)
2025-01-14T21:45:06.917+03:00  INFO 18428 --- [recipebook-v1] [           main] j.LocalContainerEntityManagerFactoryBean : Initialized JPA EntityManagerFactory for persistence unit 'default'
2025-01-14T21:45:07.202+03:00  INFO 18428 --- [recipebook-v1] [           main] o.s.d.j.r.query.QueryEnhancerFactory     : Hibernate is in classpath; If applicable, HQL parser will be used.
2025-01-14T21:45:08.069+03:00  WARN 18428 --- [recipebook-v1] [           main] JpaBaseConfiguration$JpaWebConfiguration : spring.jpa.open-in-view is enabled by default. Therefore, database queries may be performed during view rendering. Explicitly configure spring.jpa.open-in-view to disable this warning
2025-01-14T21:45:08.472+03:00 DEBUG 18428 --- [recipebook-v1] [           main] s.w.s.m.m.a.RequestMappingHandlerMapping : 16 mappings in 'requestMappingHandlerMapping'
2025-01-14T21:45:08.641+03:00 DEBUG 18428 --- [recipebook-v1] [           main] o.s.w.s.handler.SimpleUrlHandlerMapping  : Patterns [/webjars/**, /**, /swagger-ui*/*swagger-initializer.js, /swagger-ui*/**] in 'resourceHandlerMapping'
2025-01-14T21:45:08.678+03:00 DEBUG 18428 --- [recipebook-v1] [           main] s.w.s.m.m.a.RequestMappingHandlerAdapter : ControllerAdvice beans: 0 @ModelAttribute, 0 @InitBinder, 1 RequestBodyAdvice, 1 ResponseBodyAdvice
2025-01-14T21:45:08.725+03:00 DEBUG 18428 --- [recipebook-v1] [           main] .m.m.a.ExceptionHandlerExceptionResolver : ControllerAdvice beans: 2 @ExceptionHandler, 1 ResponseBodyAdvice
2025-01-14T21:45:08.750+03:00 DEBUG 18428 --- [recipebook-v1] [           main] .m.m.a.ExceptionHandlerExceptionResolver : ControllerAdvice beans: 2 @ExceptionHandler, 0 ResponseBodyAdvice
2025-01-14T21:45:09.027+03:00  INFO 18428 --- [recipebook-v1] [           main] c.r.r.RecipebookV1ApplicationTests       : Started RecipebookV1ApplicationTests in 5.482 seconds (process running for 6.367)
]]></system-out>
  </testcase>
</testsuite>